# JRE version: Java(TM) SE Runtime Environment (8.0_231-b11) (build 1.8.0_231-b11)
# Java VM: Java HotSpot(TM) 64-Bit Server VM (25.231-b11 mixed mode windows-amd64 compressed oops)
Heap:
 PSYoungGen      total 285184K, used 96834K [0x00000000d5f80000, 0x00000000e9a00000, 0x0000000100000000)
  eden space 274432K, 35% used [0x00000000d5f80000,0x00000000dbe10bb8,0x00000000e6b80000)
  from space 10752K, 0% used [0x00000000e7680000,0x00000000e7680000,0x00000000e8100000)
  to   space 11264K, 0% used [0x00000000e6b80000,0x00000000e6b80000,0x00000000e7680000)
 ParOldGen       total 78848K, used 13963K [0x0000000081e00000, 0x0000000086b00000, 0x00000000d5f80000)
  object space 78848K, 17% used [0x0000000081e00000,0x0000000082ba2e68,0x0000000086b00000)
 Metaspace       used 35359K, capacity 37054K, committed 37288K, reserved 1081344K
  class space    used 4605K, capacity 4918K, committed 5040K, reserved 1048576K
GC Heap History (10 events):
Event: 7.115 GC heap before
{Heap before GC invocations=10 (full 1):
 PSYoungGen      total 138752K, used 2347K [0x00000000d5f80000, 0x00000000e3c00000, 0x0000000100000000)
  eden space 132096K, 0% used [0x00000000d5f80000,0x00000000d5f80000,0x00000000de080000)
  from space 6656K, 35% used [0x00000000de080000,0x00000000de2caea8,0x00000000de700000)
  to   space 7168K, 0% used [0x00000000e3500000,0x00000000e3500000,0x00000000e3c00000)
 ParOldGen       total 87552K, used 4911K [0x0000000081e00000, 0x0000000087380000, 0x00000000d5f80000)
  object space 87552K, 5% used [0x0000000081e00000,0x00000000822cbef8,0x0000000087380000)
 Metaspace       used 20675K, capacity 21238K, committed 21296K, reserved 1067008K
  class space    used 2667K, capacity 2840K, committed 2864K, reserved 1048576K
Event: 7.158 GC heap after
Heap after GC invocations=10 (full 1):
 PSYoungGen      total 138752K, used 0K [0x00000000d5f80000, 0x00000000e3c00000, 0x0000000100000000)
  eden space 132096K, 0% used [0x00000000d5f80000,0x00000000d5f80000,0x00000000de080000)
  from space 6656K, 0% used [0x00000000de080000,0x00000000de080000,0x00000000de700000)
  to   space 7168K, 0% used [0x00000000e3500000,0x00000000e3500000,0x00000000e3c00000)
 ParOldGen       total 48128K, used 5897K [0x0000000081e00000, 0x0000000084d00000, 0x00000000d5f80000)
  object space 48128K, 12% used [0x0000000081e00000,0x00000000823c2430,0x0000000084d00000)
 Metaspace       used 20675K, capacity 21238K, committed 21296K, reserved 1067008K
  class space    used 2667K, capacity 2840K, committed 2864K, reserved 1048576K
}
Event: 8.427 GC heap before
{Heap before GC invocations=11 (full 1):
 PSYoungGen      total 138752K, used 132096K [0x00000000d5f80000, 0x00000000e3c00000, 0x0000000100000000)
  eden space 132096K, 100% used [0x00000000d5f80000,0x00000000de080000,0x00000000de080000)
  from space 6656K, 0% used [0x00000000de080000,0x00000000de080000,0x00000000de700000)
  to   space 7168K, 0% used [0x00000000e3500000,0x00000000e3500000,0x00000000e3c00000)
 ParOldGen       total 48128K, used 5897K [0x0000000081e00000, 0x0000000084d00000, 0x00000000d5f80000)
  object space 48128K, 12% used [0x0000000081e00000,0x00000000823c2430,0x0000000084d00000)
 Metaspace       used 24546K, capacity 25346K, committed 25648K, reserved 1071104K
  class space    used 3112K, capacity 3292K, committed 3376K, reserved 1048576K
Event: 8.437 GC heap after
Heap after GC invocations=11 (full 1):
 PSYoungGen      total 198656K, used 6408K [0x00000000d5f80000, 0x00000000e3b80000, 0x0000000100000000)
  eden space 192000K, 0% used [0x00000000d5f80000,0x00000000d5f80000,0x00000000e1b00000)
  from space 6656K, 96% used [0x00000000e3500000,0x00000000e3b421a8,0x00000000e3b80000)
  to   space 7168K, 0% used [0x00000000e2d80000,0x00000000e2d80000,0x00000000e3480000)
 ParOldGen       total 48128K, used 5905K [0x0000000081e00000, 0x0000000084d00000, 0x00000000d5f80000)
  object space 48128K, 12% used [0x0000000081e00000,0x00000000823c4430,0x0000000084d00000)
 Metaspace       used 24546K, capacity 25346K, committed 25648K, reserved 1071104K
  class space    used 3112K, capacity 3292K, committed 3376K, reserved 1048576K
}
Event: 11.863 GC heap before
{Heap before GC invocations=12 (full 1):
 PSYoungGen      total 198656K, used 198408K [0x00000000d5f80000, 0x00000000e3b80000, 0x0000000100000000)
  eden space 192000K, 100% used [0x00000000d5f80000,0x00000000e1b00000,0x00000000e1b00000)
  from space 6656K, 96% used [0x00000000e3500000,0x00000000e3b421a8,0x00000000e3b80000)
  to   space 7168K, 0% used [0x00000000e2d80000,0x00000000e2d80000,0x00000000e3480000)
 ParOldGen       total 48128K, used 5905K [0x0000000081e00000, 0x0000000084d00000, 0x00000000d5f80000)
  object space 48128K, 12% used [0x0000000081e00000,0x00000000823c4430,0x0000000084d00000)
 Metaspace       used 32512K, capacity 34094K, committed 34352K, reserved 1079296K
  class space    used 4287K, capacity 4608K, committed 4656K, reserved 1048576K
Event: 11.884 GC heap after
Heap after GC invocations=12 (full 1):
 PSYoungGen      total 218112K, used 7155K [0x00000000d5f80000, 0x00000000e8100000, 0x0000000100000000)
  eden space 210944K, 0% used [0x00000000d5f80000,0x00000000d5f80000,0x00000000e2d80000)
  from space 7168K, 99% used [0x00000000e2d80000,0x00000000e347cc88,0x00000000e3480000)
  to   space 10752K, 0% used [0x00000000e7680000,0x00000000e7680000,0x00000000e8100000)
 ParOldGen       total 48128K, used 13626K [0x0000000081e00000, 0x0000000084d00000, 0x00000000d5f80000)
  object space 48128K, 28% used [0x0000000081e00000,0x0000000082b4e938,0x0000000084d00000)
 Metaspace       used 32512K, capacity 34094K, committed 34352K, reserved 1079296K
  class space    used 4287K, capacity 4608K, committed 4656K, reserved 1048576K
}
Event: 12.746 GC heap before
{Heap before GC invocations=13 (full 1):
 PSYoungGen      total 218112K, used 24056K [0x00000000d5f80000, 0x00000000e8100000, 0x0000000100000000)
  eden space 210944K, 8% used [0x00000000d5f80000,0x00000000d7001708,0x00000000e2d80000)
  from space 7168K, 99% used [0x00000000e2d80000,0x00000000e347cc88,0x00000000e3480000)
  to   space 10752K, 0% used [0x00000000e7680000,0x00000000e7680000,0x00000000e8100000)
 ParOldGen       total 48128K, used 13626K [0x0000000081e00000, 0x0000000084d00000, 0x00000000d5f80000)
  object space 48128K, 28% used [0x0000000081e00000,0x0000000082b4e938,0x0000000084d00000)
 Metaspace       used 33815K, capacity 35416K, committed 35496K, reserved 1079296K
  class space    used 4428K, capacity 4743K, committed 4784K, reserved 1048576K
Event: 12.754 GC heap after
Heap after GC invocations=13 (full 1):
 PSYoungGen      total 285184K, used 1716K [0x00000000d5f80000, 0x00000000e9a00000, 0x0000000100000000)
  eden space 274432K, 0% used [0x00000000d5f80000,0x00000000d5f80000,0x00000000e6b80000)
  from space 10752K, 15% used [0x00000000e7680000,0x00000000e782d0b8,0x00000000e8100000)
  to   space 11264K, 0% used [0x00000000e6b80000,0x00000000e6b80000,0x00000000e7680000)
 ParOldGen       total 48128K, used 19000K [0x0000000081e00000, 0x0000000084d00000, 0x00000000d5f80000)
  object space 48128K, 39% used [0x0000000081e00000,0x000000008308e138,0x0000000084d00000)
 Metaspace       used 33815K, capacity 35416K, committed 35496K, reserved 1079296K
  class space    used 4428K, capacity 4743K, committed 4784K, reserved 1048576K
}
Event: 12.754 GC heap before
{Heap before GC invocations=14 (full 2):
 PSYoungGen      total 285184K, used 1716K [0x00000000d5f80000, 0x00000000e9a00000, 0x0000000100000000)
  eden space 274432K, 0% used [0x00000000d5f80000,0x00000000d5f80000,0x00000000e6b80000)
  from space 10752K, 15% used [0x00000000e7680000,0x00000000e782d0b8,0x00000000e8100000)
  to   space 11264K, 0% used [0x00000000e6b80000,0x00000000e6b80000,0x00000000e7680000)
 ParOldGen       total 48128K, used 19000K [0x0000000081e00000, 0x0000000084d00000, 0x00000000d5f80000)
  object space 48128K, 39% used [0x0000000081e00000,0x000000008308e138,0x0000000084d00000)
 Metaspace       used 33815K, capacity 35416K, committed 35496K, reserved 1079296K
  class space    used 4428K, capacity 4743K, committed 4784K, reserved 1048576K
Event: 12.849 GC heap after
Heap after GC invocations=14 (full 2):
 PSYoungGen      total 285184K, used 0K [0x00000000d5f80000, 0x00000000e9a00000, 0x0000000100000000)
  eden space 274432K, 0% used [0x00000000d5f80000,0x00000000d5f80000,0x00000000e6b80000)
  from space 10752K, 0% used [0x00000000e7680000,0x00000000e7680000,0x00000000e8100000)
  to   space 11264K, 0% used [0x00000000e6b80000,0x00000000e6b80000,0x00000000e7680000)
 ParOldGen       total 78848K, used 13963K [0x0000000081e00000, 0x0000000086b00000, 0x00000000d5f80000)
  object space 78848K, 17% used [0x0000000081e00000,0x0000000082ba2e68,0x0000000086b00000)
 Metaspace       used 33815K, capacity 35416K, committed 35496K, reserved 1079296K
  class space    used 4428K, capacity 4743K, committed 4784K, reserved 1048576K
}

