# JRE version: Java(TM) SE Runtime Environment (8.0_231-b11) (build 1.8.0_231-b11)
# Java VM: Java HotSpot(TM) 64-Bit Server VM (25.231-b11 mixed mode windows-amd64 compressed oops)
Heap:
 PSYoungGen      total 349696K, used 177506K [0x00000000d5f80000, 0x00000000ec680000, 0x0000000100000000)
  eden space 337920K, 49% used [0x00000000d5f80000,0x00000000e039d880,0x00000000ea980000)
  from space 11776K, 80% used [0x00000000ebb00000,0x00000000ec43b1f0,0x00000000ec680000)
  to   space 14848K, 0% used [0x00000000ea980000,0x00000000ea980000,0x00000000eb800000)
 ParOldGen       total 81408K, used 26988K [0x0000000081e00000, 0x0000000086d80000, 0x00000000d5f80000)
  object space 81408K, 33% used [0x0000000081e00000,0x000000008385b378,0x0000000086d80000)
 Metaspace       used 56302K, capacity 58358K, committed 58664K, reserved 1099776K
  class space    used 7510K, capacity 7876K, committed 7984K, reserved 1048576K
GC Heap History (10 events):
Event: 10.381 GC heap before
{Heap before GC invocations=12 (full 1):
 PSYoungGen      total 195584K, used 195433K [0x00000000d5f80000, 0x00000000e3b00000, 0x0000000100000000)
  eden space 188928K, 100% used [0x00000000d5f80000,0x00000000e1800000,0x00000000e1800000)
  from space 6656K, 97% used [0x00000000e3480000,0x00000000e3ada690,0x00000000e3b00000)
  to   space 7168K, 0% used [0x00000000e2d00000,0x00000000e2d00000,0x00000000e3400000)
 ParOldGen       total 49664K, used 6073K [0x0000000081e00000, 0x0000000084e80000, 0x00000000d5f80000)
  object space 49664K, 12% used [0x0000000081e00000,0x00000000823ee7d8,0x0000000084e80000)
 Metaspace       used 32196K, capacity 33750K, committed 33840K, reserved 1079296K
  class space    used 4292K, capacity 4612K, committed 4656K, reserved 1048576K
Event: 10.396 GC heap after
Heap after GC invocations=12 (full 1):
 PSYoungGen      total 217600K, used 7156K [0x00000000d5f80000, 0x00000000e7800000, 0x0000000100000000)
  eden space 210432K, 0% used [0x00000000d5f80000,0x00000000d5f80000,0x00000000e2d00000)
  from space 7168K, 99% used [0x00000000e2d00000,0x00000000e33fd148,0x00000000e3400000)
  to   space 10752K, 0% used [0x00000000e6d80000,0x00000000e6d80000,0x00000000e7800000)
 ParOldGen       total 49664K, used 13700K [0x0000000081e00000, 0x0000000084e80000, 0x00000000d5f80000)
  object space 49664K, 27% used [0x0000000081e00000,0x0000000082b612d0,0x0000000084e80000)
 Metaspace       used 32196K, capacity 33750K, committed 33840K, reserved 1079296K
  class space    used 4292K, capacity 4612K, committed 4656K, reserved 1048576K
}
Event: 11.438 GC heap before
{Heap before GC invocations=13 (full 1):
 PSYoungGen      total 217600K, used 27578K [0x00000000d5f80000, 0x00000000e7800000, 0x0000000100000000)
  eden space 210432K, 9% used [0x00000000d5f80000,0x00000000d7371818,0x00000000e2d00000)
  from space 7168K, 99% used [0x00000000e2d00000,0x00000000e33fd148,0x00000000e3400000)
  to   space 10752K, 0% used [0x00000000e6d80000,0x00000000e6d80000,0x00000000e7800000)
 ParOldGen       total 49664K, used 13700K [0x0000000081e00000, 0x0000000084e80000, 0x00000000d5f80000)
  object space 49664K, 27% used [0x0000000081e00000,0x0000000082b612d0,0x0000000084e80000)
 Metaspace       used 33899K, capacity 35482K, committed 35496K, reserved 1079296K
  class space    used 4475K, capacity 4778K, committed 4784K, reserved 1048576K
Event: 11.445 GC heap after
Heap after GC invocations=13 (full 1):
 PSYoungGen      total 276480K, used 2150K [0x00000000d5f80000, 0x00000000e9180000, 0x0000000100000000)
  eden space 265728K, 0% used [0x00000000d5f80000,0x00000000d5f80000,0x00000000e6300000)
  from space 10752K, 20% used [0x00000000e6d80000,0x00000000e6f99b90,0x00000000e7800000)
  to   space 10752K, 0% used [0x00000000e6300000,0x00000000e6300000,0x00000000e6d80000)
 ParOldGen       total 49664K, used 19000K [0x0000000081e00000, 0x0000000084e80000, 0x00000000d5f80000)
  object space 49664K, 38% used [0x0000000081e00000,0x000000008308e118,0x0000000084e80000)
 Metaspace       used 33899K, capacity 35482K, committed 35496K, reserved 1079296K
  class space    used 4475K, capacity 4778K, committed 4784K, reserved 1048576K
}
Event: 11.446 GC heap before
{Heap before GC invocations=14 (full 2):
 PSYoungGen      total 276480K, used 2150K [0x00000000d5f80000, 0x00000000e9180000, 0x0000000100000000)
  eden space 265728K, 0% used [0x00000000d5f80000,0x00000000d5f80000,0x00000000e6300000)
  from space 10752K, 20% used [0x00000000e6d80000,0x00000000e6f99b90,0x00000000e7800000)
  to   space 10752K, 0% used [0x00000000e6300000,0x00000000e6300000,0x00000000e6d80000)
 ParOldGen       total 49664K, used 19000K [0x0000000081e00000, 0x0000000084e80000, 0x00000000d5f80000)
  object space 49664K, 38% used [0x0000000081e00000,0x000000008308e118,0x0000000084e80000)
 Metaspace       used 33899K, capacity 35482K, committed 35496K, reserved 1079296K
  class space    used 4475K, capacity 4778K, committed 4784K, reserved 1048576K
Event: 11.525 GC heap after
Heap after GC invocations=14 (full 2):
 PSYoungGen      total 276480K, used 0K [0x00000000d5f80000, 0x00000000e9180000, 0x0000000100000000)
  eden space 265728K, 0% used [0x00000000d5f80000,0x00000000d5f80000,0x00000000e6300000)
  from space 10752K, 0% used [0x00000000e6d80000,0x00000000e6d80000,0x00000000e7800000)
  to   space 10752K, 0% used [0x00000000e6300000,0x00000000e6300000,0x00000000e6d80000)
 ParOldGen       total 81408K, used 14302K [0x0000000081e00000, 0x0000000086d80000, 0x00000000d5f80000)
  object space 81408K, 17% used [0x0000000081e00000,0x0000000082bf7af8,0x0000000086d80000)
 Metaspace       used 33899K, capacity 35482K, committed 35496K, reserved 1079296K
  class space    used 4475K, capacity 4778K, committed 4784K, reserved 1048576K
}
Event: 18.178 GC heap before
{Heap before GC invocations=15 (full 2):
 PSYoungGen      total 276480K, used 265728K [0x00000000d5f80000, 0x00000000e9180000, 0x0000000100000000)
  eden space 265728K, 100% used [0x00000000d5f80000,0x00000000e6300000,0x00000000e6300000)
  from space 10752K, 0% used [0x00000000e6d80000,0x00000000e6d80000,0x00000000e7800000)
  to   space 10752K, 0% used [0x00000000e6300000,0x00000000e6300000,0x00000000e6d80000)
 ParOldGen       total 81408K, used 14302K [0x0000000081e00000, 0x0000000086d80000, 0x00000000d5f80000)
  object space 81408K, 17% used [0x0000000081e00000,0x0000000082bf7af8,0x0000000086d80000)
 Metaspace       used 49256K, capacity 51264K, committed 51368K, reserved 1093632K
  class space    used 6680K, capacity 7069K, committed 7088K, reserved 1048576K
Event: 18.198 GC heap after
Heap after GC invocations=15 (full 2):
 PSYoungGen      total 276480K, used 10749K [0x00000000d5f80000, 0x00000000ec980000, 0x0000000100000000)
  eden space 265728K, 0% used [0x00000000d5f80000,0x00000000d5f80000,0x00000000e6300000)
  from space 10752K, 99% used [0x00000000e6300000,0x00000000e6d7f4f0,0x00000000e6d80000)
  to   space 14848K, 0% used [0x00000000ebb00000,0x00000000ebb00000,0x00000000ec980000)
 ParOldGen       total 81408K, used 21114K [0x0000000081e00000, 0x0000000086d80000, 0x00000000d5f80000)
  object space 81408K, 25% used [0x0000000081e00000,0x000000008329eb10,0x0000000086d80000)
 Metaspace       used 49256K, capacity 51264K, committed 51368K, reserved 1093632K
  class space    used 6680K, capacity 7069K, committed 7088K, reserved 1048576K
}
Event: 20.513 GC heap before
{Heap before GC invocations=16 (full 2):
 PSYoungGen      total 276480K, used 276477K [0x00000000d5f80000, 0x00000000ec980000, 0x0000000100000000)
  eden space 265728K, 100% used [0x00000000d5f80000,0x00000000e6300000,0x00000000e6300000)
  from space 10752K, 99% used [0x00000000e6300000,0x00000000e6d7f4f0,0x00000000e6d80000)
  to   space 14848K, 0% used [0x00000000ebb00000,0x00000000ebb00000,0x00000000ec980000)
 ParOldGen       total 81408K, used 21114K [0x0000000081e00000, 0x0000000086d80000, 0x00000000d5f80000)
  object space 81408K, 25% used [0x0000000081e00000,0x000000008329eb10,0x0000000086d80000)
 Metaspace       used 55435K, capacity 57552K, committed 57768K, reserved 1099776K
  class space    used 7411K, capacity 7779K, committed 7856K, reserved 1048576K
Event: 20.528 GC heap after
Heap after GC invocations=16 (full 2):
 PSYoungGen      total 349696K, used 9452K [0x00000000d5f80000, 0x00000000ec680000, 0x0000000100000000)
  eden space 337920K, 0% used [0x00000000d5f80000,0x00000000d5f80000,0x00000000ea980000)
  from space 11776K, 80% used [0x00000000ebb00000,0x00000000ec43b1f0,0x00000000ec680000)
  to   space 14848K, 0% used [0x00000000ea980000,0x00000000ea980000,0x00000000eb800000)
 ParOldGen       total 81408K, used 26988K [0x0000000081e00000, 0x0000000086d80000, 0x00000000d5f80000)
  object space 81408K, 33% used [0x0000000081e00000,0x000000008385b378,0x0000000086d80000)
 Metaspace       used 55435K, capacity 57552K, committed 57768K, reserved 1099776K
  class space    used 7411K, capacity 7779K, committed 7856K, reserved 1048576K
}

